<?xml version="1.0" encoding="UTF-8" standalone="yes"?>
<type interface="false" language="gradle" name="org.gradle.jvm.plugins.JUnitTestSuitePlugin" version="3.0">
    <description> 
 This plugin adds support for execution of JUnit test suites to the Java software model. 
 
 @since 2.11 
</description>
    <method name="apply" returnType="void">
        <parameter type="org.gradle.api.Project" name="project"/>
    </method>
    <interface name="org.gradle.api.Plugin"/>
    <documentation/>
</type>
