<?xml version="1.0" encoding="UTF-8" standalone="yes"?>
<type interface="true" language="gradle" name="org.gradle.jvm.test.JUnitTestSuiteSpec" version="3.0">
    <description> 
 Represents a JUnit test suite. 
 
 @since 2.11 
</description>
    <method name="getjUnitVersion" returnType="java.lang.String"/>
    <method name="setjUnitVersion" returnType="void">
        <parameter type="java.lang.String" name="junitVersion"/>
    </method>
    <property name="jUnitVersion" type="java.lang.String"/>
</type>
