<?xml version="1.0" encoding="UTF-8" standalone="yes"?>
<type interface="true" language="gradle" name="org.gradle.api.tasks.testing.TestResult" version="3.0">
    <description> Describes a test result.

</description>
    <method name="getEndTime" returnType="long">
        <description> Returns the time when this test completed execution.

 &lt;br&gt;&lt;br&gt;&lt;b class='return'&gt;returns:&lt;/b&gt;The end t ime, in milliseconds since the epoch.

</description>
    </method>
    <method name="getException" returnType="java.lang.Throwable">
        <description> If the test failed with an exception, this will be the exception.  Some test frameworks do not fail without an
 exception (JUnit), so in those cases this method will never return null.

 &lt;br&gt;&lt;br&gt;&lt;b class='return'&gt;returns:&lt;/b&gt;The exception, if any, logged for this test.  If none, a null is returned.

</description>
    </method>
    <method name="getExceptions" returnType="java.util.List">
        <description> If the test failed with any exceptions, this will contain the exceptions.  Some test frameworks do not fail
 without an exception (JUnit), so in those cases this method will never return an empty list.

 &lt;br&gt;&lt;br&gt;&lt;b class='return'&gt;returns:&lt;/b&gt;The exceptions, if any, logged for this test.  If none, an empty list is returned.

</description>
    </method>
    <method name="getFailedTestCount" returnType="long">
        <description> Returns the number of failed atomic tests executed for this test.

 &lt;br&gt;&lt;br&gt;&lt;b class='return'&gt;returns:&lt;/b&gt;The number of tests, possibly 0

</description>
    </method>
    <method name="getResultType" returnType="org.gradle.api.tasks.testing.TestResult.ResultType">
        <description> Describes a test result.

</description>
    </method>
    <method name="getSkippedTestCount" returnType="long">
        <description> Returns the number of skipped atomic tests executed for this test.

 &lt;br&gt;&lt;br&gt;&lt;b class='return'&gt;returns:&lt;/b&gt;The number of tests, possibly 0

</description>
    </method>
    <method name="getStartTime" returnType="long">
        <description> Returns the time when this test started execution.

 &lt;br&gt;&lt;br&gt;&lt;b class='return'&gt;returns:&lt;/b&gt;The start time, in milliseconds since the epoch.

</description>
    </method>
    <method name="getSuccessfulTestCount" returnType="long">
        <description> Returns the number of successful atomic tests executed for this test.

 &lt;br&gt;&lt;br&gt;&lt;b class='return'&gt;returns:&lt;/b&gt;The number of tests, possibly 0

</description>
    </method>
    <method name="getTestCount" returnType="long">
        <description> Returns the total number of atomic tests executed for this test. This will return 1 if this test is itself an
 atomic test.

 &lt;br&gt;&lt;br&gt;&lt;b class='return'&gt;returns:&lt;/b&gt;The number of tests, possibly 0

</description>
    </method>
    <property name="endTime" type="long">
        <description> Returns the time when this test completed execution.

 &lt;br&gt;&lt;br&gt;&lt;b class='return'&gt;returns:&lt;/b&gt;The end t ime, in milliseconds since the epoch.

</description>
    </property>
    <property name="exception" type="java.lang.Throwable">
        <description> If the test failed with an exception, this will be the exception.  Some test frameworks do not fail without an
 exception (JUnit), so in those cases this method will never return null.

 &lt;br&gt;&lt;br&gt;&lt;b class='return'&gt;returns:&lt;/b&gt;The exception, if any, logged for this test.  If none, a null is returned.

</description>
    </property>
    <property name="exceptions" type="java.util.List">
        <description> If the test failed with any exceptions, this will contain the exceptions.  Some test frameworks do not fail
 without an exception (JUnit), so in those cases this method will never return an empty list.

 &lt;br&gt;&lt;br&gt;&lt;b class='return'&gt;returns:&lt;/b&gt;The exceptions, if any, logged for this test.  If none, an empty list is returned.

</description>
    </property>
    <property name="failedTestCount" type="long">
        <description> Returns the number of failed atomic tests executed for this test.

 &lt;br&gt;&lt;br&gt;&lt;b class='return'&gt;returns:&lt;/b&gt;The number of tests, possibly 0

</description>
    </property>
    <property name="resultType" type="org.gradle.api.tasks.testing.TestResult.ResultType">
        <description> Describes a test result.

</description>
    </property>
    <property name="skippedTestCount" type="long">
        <description> Returns the number of skipped atomic tests executed for this test.

 &lt;br&gt;&lt;br&gt;&lt;b class='return'&gt;returns:&lt;/b&gt;The number of tests, possibly 0

</description>
    </property>
    <property name="startTime" type="long">
        <description> Returns the time when this test started execution.

 &lt;br&gt;&lt;br&gt;&lt;b class='return'&gt;returns:&lt;/b&gt;The start time, in milliseconds since the epoch.

</description>
    </property>
    <property name="successfulTestCount" type="long">
        <description> Returns the number of successful atomic tests executed for this test.

 &lt;br&gt;&lt;br&gt;&lt;b class='return'&gt;returns:&lt;/b&gt;The number of tests, possibly 0

</description>
    </property>
    <property name="testCount" type="long">
        <description> Returns the total number of atomic tests executed for this test. This will return 1 if this test is itself an
 atomic test.

 &lt;br&gt;&lt;br&gt;&lt;b class='return'&gt;returns:&lt;/b&gt;The number of tests, possibly 0

</description>
    </property>
</type>
